c:\users\administrator\source\repos\cardbattle\debug\vc142.pdb
c:\users\administrator\source\repos\cardbattle\debug\vc142.idb
c:\users\administrator\source\repos\cardbattle\debug\player.obj
c:\users\administrator\source\repos\cardbattle\debug\placelabel.obj
c:\users\administrator\source\repos\cardbattle\debug\place.obj
c:\users\administrator\source\repos\cardbattle\debug\gametool.obj
c:\users\administrator\source\repos\cardbattle\debug\gamecenter.obj
c:\users\administrator\source\repos\cardbattle\debug\cardlist.obj
c:\users\administrator\source\repos\cardbattle\debug\cardbattle.obj
c:\users\administrator\source\repos\cardbattle\debug\cardbag.obj
c:\users\administrator\source\repos\cardbattle\debug\card.obj
c:\users\administrator\source\repos\cardbattle\debug\cardbattle.ilk
c:\users\administrator\source\repos\cardbattle\debug\cardbattle.exe
c:\users\administrator\source\repos\cardbattle\debug\cardbattle.pdb
c:\users\administrator\source\repos\cardbattle\debug\cardbattle.tlog\cl.command.1.tlog
c:\users\administrator\source\repos\cardbattle\debug\cardbattle.tlog\cl.read.1.tlog
c:\users\administrator\source\repos\cardbattle\debug\cardbattle.tlog\cl.write.1.tlog
c:\users\administrator\source\repos\cardbattle\debug\cardbattle.tlog\link.command.1.tlog
c:\users\administrator\source\repos\cardbattle\debug\cardbattle.tlog\link.read.1.tlog
c:\users\administrator\source\repos\cardbattle\debug\cardbattle.tlog\link.write.1.tlog
